<?xml version="1.0" encoding="UTF-8"?>
<!-- Generated by org.testng.reporters.JUnitReportReporter -->
<testsuite hostname="SMAs-MacBook-Pro.local" failures="0" tests="1" name="generalStore.ScrollInProductList" time="14.268" errors="0" timestamp="2022-07-31T18:57:15 IST" skipped="0">
  <testcase classname="generalStore.ScrollInProductList" name="scrollInList" time="14.268"/>
  <system-out/>
</testsuite> <!-- generalStore.ScrollInProductList -->
