<?xml version="1.0" encoding="UTF-8"?>
<!-- Generated by org.testng.reporters.JUnitReportReporter -->
<testsuite hostname="LEM20015.local" failures="0" tests="1" name="smahuzaifaAppium.AppiumBasics" time="4.697" errors="0" timestamp="2022-07-19T23:35:48 IST" skipped="0">
  <testcase classname="smahuzaifaAppium.AppiumBasics" name="WifiSettingName" time="4.697"/>
  <system-out/>
</testsuite> <!-- smahuzaifaAppium.AppiumBasics -->
