<?xml version="1.0" encoding="UTF-8"?>
<!-- Generated by org.testng.reporters.JUnitReportReporter -->
<testsuite hostname="SMAs-MacBook-Pro.local" failures="0" tests="1" name="generalStore.VerifyToast" time="3.030" errors="0" timestamp="2022-07-31T18:39:26 IST" skipped="0">
  <testcase classname="generalStore.VerifyToast" name="verifyToastMessaeg" time="3.030"/>
  <system-out/>
</testsuite> <!-- generalStore.VerifyToast -->
