<?xml version="1.0" encoding="UTF-8"?>
<!-- Generated by org.testng.reporters.JUnitReportReporter -->
<testsuite hostname="SMAs-MacBook-Pro.local" failures="0" tests="1" name="iOSDemoApp.IOSBasicTest" time="4.122" errors="0" timestamp="2022-08-06T21:14:37 IST" skipped="0">
  <testcase classname="iOSDemoApp.IOSBasicTest" name="iOSBasicTest" time="4.122"/>
  <system-out/>
</testsuite> <!-- iOSDemoApp.IOSBasicTest -->
