<?xml version="1.0" encoding="UTF-8"?>
<!-- Generated by org.testng.reporters.JUnitReportReporter -->
<testsuite hostname="SMAs-MacBook-Pro.local" failures="0" tests="1" name="smahuzaifaAppium.MiscellaneousAppiumActions" time="12.817" errors="0" timestamp="2022-07-31T13:51:31 IST" skipped="0">
  <testcase classname="smahuzaifaAppium.MiscellaneousAppiumActions" name="Miscellaneous" time="12.817"/>
  <system-out/>
</testsuite> <!-- smahuzaifaAppium.MiscellaneousAppiumActions -->
