<?xml version="1.0" encoding="UTF-8"?>
<!-- Generated by org.testng.reporters.JUnitReportReporter -->
<testsuite hostname="SMA-Huzaifas-Office-MacBook-Pro.local" failures="0" tests="1" name="smahuzaifaAppium.LongPress" time="9.644" errors="0" timestamp="2022-07-24T21:47:14 IST" skipped="0">
  <testcase classname="smahuzaifaAppium.LongPress" name="LongPressGesture" time="9.644"/>
  <system-out/>
</testsuite> <!-- smahuzaifaAppium.LongPress -->
