<?xml version="1.0" encoding="UTF-8"?>
<!-- Generated by org.testng.reporters.JUnitReportReporter -->
<testsuite hostname="SMAs-MacBook-Pro.local" failures="0" tests="1" name="generalStore.CartPage" time="19.929" errors="0" timestamp="2022-07-31T20:00:31 IST" skipped="0">
  <testcase classname="generalStore.CartPage" name="cartPage" time="19.929"/>
  <system-out/>
</testsuite> <!-- generalStore.CartPage -->
