<?xml version="1.0" encoding="UTF-8"?>
<!-- Generated by org.testng.reporters.JUnitReportReporter -->
<testsuite hostname="SMA-Huzaifas-Office-MacBook-Pro.local" failures="0" tests="1" name="smahuzaifaAppium.AppiumBasics" time="10.592" errors="0" timestamp="2022-07-24T11:25:59 IST" skipped="0">
  <testcase classname="smahuzaifaAppium.AppiumBasics" name="WifiSettingName" time="10.592"/>
  <system-out/>
</testsuite> <!-- smahuzaifaAppium.AppiumBasics -->
