<?xml version="1.0" encoding="UTF-8"?>
<!-- Generated by org.testng.reporters.JUnitReportReporter -->
<testsuite hostname="SMAs-MacBook-Pro.local" failures="0" tests="1" name="smahuzaifaAppium.DragAndDrop" time="4.684" errors="0" timestamp="2022-07-31T13:21:54 IST" skipped="0">
  <testcase classname="smahuzaifaAppium.DragAndDrop" name="dragAndDropAction" time="4.684"/>
  <system-out/>
</testsuite> <!-- smahuzaifaAppium.DragAndDrop -->
