<?xml version="1.0" encoding="UTF-8"?>
<!-- Generated by org.testng.reporters.JUnitReportReporter -->
<testsuite hostname="SMAs-MacBook-Pro.local" failures="0" tests="1" name="crossPlatform.MobileBrowserTest" time="7.297" errors="0" timestamp="2022-08-06T15:20:46 IST" skipped="0">
  <testcase classname="crossPlatform.MobileBrowserTest" name="BrowserTest" time="7.297"/>
  <system-out/>
</testsuite> <!-- crossPlatform.MobileBrowserTest -->
