<?xml version="1.0" encoding="UTF-8"?>
<!-- Generated by org.testng.reporters.JUnitReportReporter -->
<testsuite hostname="SMAs-MacBook-Pro.local" failures="0" tests="1" name="GeneralStore.FillingForm" time="6.542" errors="0" timestamp="2022-07-31T14:32:00 IST" skipped="0">
  <testcase classname="GeneralStore.FillingForm" name="fillForm" time="6.542"/>
  <system-out/>
</testsuite> <!-- GeneralStore.FillingForm -->
