<?xml version="1.0" encoding="UTF-8"?>
<!-- Generated by org.testng.reporters.JUnitReportReporter -->
<testsuite hostname="SMAs-MacBook-Pro.local" failures="0" tests="1" name="smahuzaifaAppium.AppiumBasics" time="8.627" errors="0" timestamp="2022-07-31T14:44:44 IST" skipped="0">
  <testcase classname="smahuzaifaAppium.AppiumBasics" name="WifiSettingName" time="8.627"/>
  <system-out/>
</testsuite> <!-- smahuzaifaAppium.AppiumBasics -->
