<?xml version="1.0" encoding="UTF-8"?>
<!-- Generated by org.testng.reporters.JUnitReportReporter -->
<testsuite hostname="SMA-Huzaifas-Office-MacBook-Pro.local" failures="0" tests="1" name="smahuzaifaAppium.AppiumBasics" time="9.768" errors="0" timestamp="2022-07-23T20:08:46 IST" skipped="0">
  <testcase classname="smahuzaifaAppium.AppiumBasics" name="WifiSettingName" time="9.768"/>
  <system-out/>
</testsuite> <!-- smahuzaifaAppium.AppiumBasics -->
