<?xml version="1.0" encoding="UTF-8"?>
<!-- Generated by org.testng.reporters.JUnitReportReporter -->
<testsuite hostname="LEM20015.local" failures="0" tests="1" name="smahuzaifaAppium.AppiumBasics" time="25.900" errors="0" timestamp="2022-07-18T23:54:17 IST" skipped="0">
  <testcase classname="smahuzaifaAppium.AppiumBasics" name="AppiumBasics" time="25.900"/>
  <system-out/>
</testsuite> <!-- smahuzaifaAppium.AppiumBasics -->
