<?xml version="1.0" encoding="UTF-8"?>
<!-- Generated by org.testng.reporters.JUnitReportReporter -->
<testsuite hostname="SMAs-MacBook-Pro.local" failures="0" tests="1" name="smahuzaifaAppium.AppiumBasics" time="10.327" errors="0" timestamp="2022-07-31T12:01:00 IST" skipped="0">
  <testcase classname="smahuzaifaAppium.AppiumBasics" name="WifiSettingName" time="10.327"/>
  <system-out/>
</testsuite> <!-- smahuzaifaAppium.AppiumBasics -->
