<?xml version="1.0" encoding="UTF-8"?>
<!-- Generated by org.testng.reporters.JUnitReportReporter -->
<testsuite hostname="SMAs-MacBook-Pro.local" failures="0" tests="1" name="generalStore.FillForm" time="7.121" errors="0" timestamp="2022-07-31T14:58:35 IST" skipped="0">
  <testcase classname="generalStore.FillForm" name="fillForm" time="7.121"/>
  <system-out/>
</testsuite> <!-- generalStore.FillForm -->
