<?xml version="1.0" encoding="UTF-8"?>
<!-- Generated by org.testng.reporters.JUnitReportReporter -->
<testsuite hostname="SMAs-MacBook-Pro.local" failures="0" tests="1" name="smahuzaifaAppium.SwipeActions" time="4.241" errors="0" timestamp="2022-07-31T13:09:02 IST" skipped="0">
  <testcase classname="smahuzaifaAppium.SwipeActions" name="SwipeAction" time="4.241"/>
  <system-out/>
</testsuite> <!-- smahuzaifaAppium.SwipeActions -->
